[21-Dec-2020 09:06:17 UTC] PHP Parse error:  syntax error, unexpected '$args' (T_VARIABLE) in E:\test\app\public\wp-content\themes\interviewtheme\functions.php on line 30
[21-Dec-2020 09:08:17 UTC] PHP Parse error:  syntax error, unexpected ')' in E:\test\app\public\wp-content\themes\interviewtheme\functions.php on line 34
[21-Dec-2020 09:10:17 UTC] PHP Parse error:  syntax error, unexpected ')' in E:\test\app\public\wp-content\themes\interviewtheme\functions.php on line 34
[21-Dec-2020 09:10:25 UTC] PHP Parse error:  syntax error, unexpected '}' in E:\test\app\public\wp-content\themes\interviewtheme\functions.php on line 43
[21-Dec-2020 09:10:26 UTC] PHP Parse error:  syntax error, unexpected '}' in E:\test\app\public\wp-content\themes\interviewtheme\functions.php on line 43
[21-Dec-2020 09:11:44 UTC] PHP Parse error:  syntax error, unexpected '}' in E:\test\app\public\wp-content\themes\interviewtheme\functions.php on line 45
[21-Dec-2020 09:13:44 UTC] PHP Parse error:  syntax error, unexpected ')' in E:\test\app\public\wp-content\themes\interviewtheme\functions.php on line 46
[21-Dec-2020 09:23:47 UTC] PHP Parse error:  syntax error, unexpected ')' in E:\test\app\public\wp-content\themes\interviewtheme\functions.php on line 53
[21-Dec-2020 09:25:47 UTC] PHP Parse error:  syntax error, unexpected ')' in E:\test\app\public\wp-content\themes\interviewtheme\functions.php on line 53
[21-Dec-2020 09:30:47 UTC] PHP Parse error:  syntax error, unexpected end of file in E:\test\app\public\wp-content\themes\interviewtheme\functions.php on line 65
[21-Dec-2020 09:30:48 UTC] PHP Parse error:  syntax error, unexpected end of file in E:\test\app\public\wp-content\themes\interviewtheme\functions.php on line 65
[21-Dec-2020 09:30:48 UTC] PHP Parse error:  syntax error, unexpected end of file in E:\test\app\public\wp-content\themes\interviewtheme\functions.php on line 65
[21-Dec-2020 09:35:44 UTC] PHP Parse error:  syntax error, unexpected ''publicly_queryable'' (T_CONSTANT_ENCAPSED_STRING), expecting ')' in E:\test\app\public\wp-content\themes\interviewtheme\functions.php on line 54
[21-Dec-2020 09:35:45 UTC] PHP Parse error:  syntax error, unexpected ''publicly_queryable'' (T_CONSTANT_ENCAPSED_STRING), expecting ')' in E:\test\app\public\wp-content\themes\interviewtheme\functions.php on line 54
[21-Dec-2020 09:56:05 UTC] PHP Parse error:  syntax error, unexpected end of file in E:\test\app\public\wp-content\themes\interviewtheme-child\single.php on line 19
[21-Dec-2020 09:57:00 UTC] PHP Fatal error:  Uncaught Error: Call to undefined function the_posts() in E:\test\app\public\wp-content\themes\interviewtheme-child\single.php:5
Stack trace:
#0 E:\test\app\public\wp-includes\template-loader.php(106): include()
#1 E:\test\app\public\wp-blog-header.php(19): require_once('E:\\test\\app\\pub...')
#2 E:\test\app\public\index.php(17): require('E:\\test\\app\\pub...')
#3 {main}
  thrown in E:\test\app\public\wp-content\themes\interviewtheme-child\single.php on line 5
[21-Dec-2020 11:39:18 UTC] PHP Warning:  Use of undefined constant dsadsa - assumed 'dsadsa' (this will throw an Error in a future version of PHP) in E:\test\app\public\wp-content\themes\interviewtheme-child\page-contact.php on line 1
[21-Dec-2020 11:39:18 UTC] PHP Stack trace:
[21-Dec-2020 11:39:18 UTC] PHP   1. {main}() E:\test\app\public\index.php:0
[21-Dec-2020 11:39:18 UTC] PHP   2. require() E:\test\app\public\index.php:17
[21-Dec-2020 11:39:18 UTC] PHP   3. require_once() E:\test\app\public\wp-blog-header.php:19
[21-Dec-2020 11:39:18 UTC] PHP   4. include() E:\test\app\public\wp-includes\template-loader.php:106
[21-Dec-2020 11:40:17 UTC] PHP Fatal error:  Uncaught Error: Call to undefined function footer() in E:\test\app\public\wp-content\themes\interviewtheme-child\page-contact.php:3
Stack trace:
#0 E:\test\app\public\wp-includes\template-loader.php(106): include()
#1 E:\test\app\public\wp-blog-header.php(19): require_once('E:\\test\\app\\pub...')
#2 E:\test\app\public\index.php(17): require('E:\\test\\app\\pub...')
#3 {main}
  thrown in E:\test\app\public\wp-content\themes\interviewtheme-child\page-contact.php on line 3
[21-Dec-2020 11:40:30 UTC] PHP Fatal error:  Uncaught Error: Call to undefined function footer() in E:\test\app\public\wp-content\themes\interviewtheme-child\page-contact.php:3
Stack trace:
#0 E:\test\app\public\wp-includes\template-loader.php(106): include()
#1 E:\test\app\public\wp-blog-header.php(19): require_once('E:\\test\\app\\pub...')
#2 E:\test\app\public\index.php(17): require('E:\\test\\app\\pub...')
#3 {main}
  thrown in E:\test\app\public\wp-content\themes\interviewtheme-child\page-contact.php on line 3
[21-Dec-2020 11:40:49 UTC] PHP Fatal error:  Uncaught Error: Call to undefined function footer() in E:\test\app\public\wp-content\themes\interviewtheme-child\page-contact.php:3
Stack trace:
#0 E:\test\app\public\wp-includes\template-loader.php(106): include()
#1 E:\test\app\public\wp-blog-header.php(19): require_once('E:\\test\\app\\pub...')
#2 E:\test\app\public\index.php(17): require('E:\\test\\app\\pub...')
#3 {main}
  thrown in E:\test\app\public\wp-content\themes\interviewtheme-child\page-contact.php on line 3
[21-Dec-2020 12:33:58 UTC] PHP Parse error:  syntax error, unexpected 'title' (T_STRING), expecting ')' in E:\test\app\public\wp-content\themes\interviewtheme-child\page-people-list.php on line 9
[21-Dec-2020 12:34:19 UTC] PHP Parse error:  syntax error, unexpected 'the_title' (T_STRING), expecting ')' in E:\test\app\public\wp-content\themes\interviewtheme-child\page-people-list.php on line 9
[21-Dec-2020 12:34:25 UTC] PHP Parse error:  syntax error, unexpected 'ASC' (T_STRING), expecting ')' in E:\test\app\public\wp-content\themes\interviewtheme-child\page-people-list.php on line 9
[21-Dec-2020 12:49:38 UTC] PHP Parse error:  syntax error, unexpected ''post_status'' (T_CONSTANT_ENCAPSED_STRING), expecting ')' in E:\test\app\public\wp-content\themes\interviewtheme-child\page-people-list.php on line 8
[21-Dec-2020 12:49:45 UTC] PHP Parse error:  syntax error, unexpected '$peopleList' (T_VARIABLE) in E:\test\app\public\wp-content\themes\interviewtheme-child\page-people-list.php on line 11
[21-Dec-2020 12:51:35 UTC] PHP Parse error:  syntax error, unexpected '$query' (T_VARIABLE) in E:\test\app\public\wp-content\themes\interviewtheme-child\page-people-list.php on line 7
[21-Dec-2020 12:51:41 UTC] PHP Parse error:  syntax error, unexpected '$query' (T_VARIABLE) in E:\test\app\public\wp-content\themes\interviewtheme-child\page-people-list.php on line 7
[21-Dec-2020 12:52:30 UTC] PHP Parse error:  syntax error, unexpected '$query' (T_VARIABLE) in E:\test\app\public\wp-content\themes\interviewtheme-child\page-people-list.php on line 7
[21-Dec-2020 12:52:50 UTC] PHP Parse error:  syntax error, unexpected '$query' (T_VARIABLE) in E:\test\app\public\wp-content\themes\interviewtheme-child\page-people-list.php on line 7
[21-Dec-2020 12:52:56 UTC] PHP Fatal error:  Uncaught Error: Class 'Query' not found in E:\test\app\public\wp-content\themes\interviewtheme-child\page-people-list.php:7
Stack trace:
#0 E:\test\app\public\wp-includes\template-loader.php(106): include()
#1 E:\test\app\public\wp-blog-header.php(19): require_once('E:\\test\\app\\pub...')
#2 E:\test\app\public\index.php(17): require('E:\\test\\app\\pub...')
#3 {main}
  thrown in E:\test\app\public\wp-content\themes\interviewtheme-child\page-people-list.php on line 7
[21-Dec-2020 12:59:29 UTC] PHP Warning:  Use of undefined constant the_post_thumbnail - assumed 'the_post_thumbnail' (this will throw an Error in a future version of PHP) in E:\test\app\public\wp-content\themes\interviewtheme-child\page-people-list.php on line 17
[21-Dec-2020 12:59:29 UTC] PHP Stack trace:
[21-Dec-2020 12:59:29 UTC] PHP   1. {main}() E:\test\app\public\index.php:0
[21-Dec-2020 12:59:29 UTC] PHP   2. require() E:\test\app\public\index.php:17
[21-Dec-2020 12:59:29 UTC] PHP   3. require_once() E:\test\app\public\wp-blog-header.php:19
[21-Dec-2020 12:59:29 UTC] PHP   4. include() E:\test\app\public\wp-includes\template-loader.php:106
[21-Dec-2020 13:17:10 UTC] PHP Parse error:  syntax error, unexpected 'the_permalink' (T_STRING) in E:\test\app\public\wp-content\themes\interviewtheme-child\page-people-list.php on line 20
[22-Dec-2020 09:02:09 UTC] PHP Fatal error:  Uncaught Error: Call to undefined function sunset_posted_meta() in E:\test\app\public\wp-content\themes\interviewtheme-child\page-people-list.php:18
Stack trace:
#0 E:\test\app\public\wp-includes\template-loader.php(106): include()
#1 E:\test\app\public\wp-blog-header.php(19): require_once('E:\\test\\app\\pub...')
#2 E:\test\app\public\index.php(17): require('E:\\test\\app\\pub...')
#3 {main}
  thrown in E:\test\app\public\wp-content\themes\interviewtheme-child\page-people-list.php on line 18
[22-Dec-2020 10:03:31 UTC] PHP Parse error:  syntax error, unexpected 'post_type' (T_STRING), expecting ',' or ';' in E:\test\app\public\wp-content\themes\interviewtheme-child\page-people-list.php on line 29
[22-Dec-2020 10:03:43 UTC] PHP Parse error:  syntax error, unexpected '/' in E:\test\app\public\wp-content\themes\interviewtheme-child\page-people-list.php on line 16
[22-Dec-2020 10:14:51 UTC] PHP Warning:  urlencode() expects parameter 1 to be string, array given in E:\test\app\public\wp-includes\formatting.php on line 5431
[22-Dec-2020 10:14:51 UTC] PHP Stack trace:
[22-Dec-2020 10:14:51 UTC] PHP   1. {main}() E:\test\app\public\index.php:0
[22-Dec-2020 10:14:51 UTC] PHP   2. require() E:\test\app\public\index.php:17
[22-Dec-2020 10:14:51 UTC] PHP   3. require_once() E:\test\app\public\wp-blog-header.php:19
[22-Dec-2020 10:14:51 UTC] PHP   4. include() E:\test\app\public\wp-includes\template-loader.php:106
[22-Dec-2020 10:14:51 UTC] PHP   5. WP_Query->__construct() E:\test\app\public\wp-content\themes\interviewtheme-child\category.php:15
[22-Dec-2020 10:14:51 UTC] PHP   6. WP_Query->query() E:\test\app\public\wp-includes\class-wp-query.php:3559
[22-Dec-2020 10:14:51 UTC] PHP   7. WP_Query->get_posts() E:\test\app\public\wp-includes\class-wp-query.php:3448
[22-Dec-2020 10:14:51 UTC] PHP   8. WP_Query->parse_query() E:\test\app\public\wp-includes\class-wp-query.php:1766
[22-Dec-2020 10:14:51 UTC] PHP   9. WP_Query->parse_tax_query() E:\test\app\public\wp-includes\class-wp-query.php:889
[22-Dec-2020 10:14:51 UTC] PHP  10. wp_basename() E:\test\app\public\wp-includes\class-wp-query.php:1119
[22-Dec-2020 10:14:51 UTC] PHP  11. urlencode() E:\test\app\public\wp-includes\formatting.php:5431
[22-Dec-2020 11:28:55 UTC] PHP Warning:  Failed loading Zend extension 'php_opcache.dll' (tried: D:/WordPress/resources/extraResources/lightning-services/php-7.3.5+10/bin/win64/ext\php_opcache.dll (The specified module could not be found.), D:/WordPress/resources/extraResources/lightning-services/php-7.3.5+10/bin/win64/ext\php_php_opcache.dll.dll (The specified module could not be found.)) in Unknown on line 0
[22-Dec-2020 11:28:55 UTC] PHP Warning:  Failed loading Zend extension 'php_opcache.dll' (tried: D:/WordPress/resources/extraResources/lightning-services/php-7.3.5+10/bin/win64/ext\php_opcache.dll (The specified module could not be found.), D:/WordPress/resources/extraResources/lightning-services/php-7.3.5+10/bin/win64/ext\php_php_opcache.dll.dll (The specified module could not be found.)) in Unknown on line 0
[22-Dec-2020 11:28:55 UTC] PHP Warning:  Failed loading Zend extension 'php_xdebug.dll' (tried: D:/WordPress/resources/extraResources/lightning-services/php-7.3.5+10/bin/win64/ext\php_xdebug.dll (The specified module could not be found.), D:/WordPress/resources/extraResources/lightning-services/php-7.3.5+10/bin/win64/ext\php_php_xdebug.dll.dll (The specified module could not be found.)) in Unknown on line 0
[22-Dec-2020 11:28:55 UTC] PHP Warning:  Failed loading Zend extension 'php_xdebug.dll' (tried: D:/WordPress/resources/extraResources/lightning-services/php-7.3.5+10/bin/win64/ext\php_xdebug.dll (The specified module could not be found.), D:/WordPress/resources/extraResources/lightning-services/php-7.3.5+10/bin/win64/ext\php_php_xdebug.dll.dll (The specified module could not be found.)) in Unknown on line 0
[22-Dec-2020 11:28:55 UTC] PHP Warning:  PHP Startup: Unable to load dynamic library 'php_curl.dll' (tried: D:/WordPress/resources/extraResources/lightning-services/php-7.3.5+10/bin/win64/ext\php_curl.dll (The specified module could not be found.), D:/WordPress/resources/extraResources/lightning-services/php-7.3.5+10/bin/win64/ext\php_php_curl.dll.dll (The specified module could not be found.)) in Unknown on line 0
[22-Dec-2020 11:28:55 UTC] PHP Warning:  PHP Startup: Unable to load dynamic library 'php_curl.dll' (tried: D:/WordPress/resources/extraResources/lightning-services/php-7.3.5+10/bin/win64/ext\php_curl.dll (The specified module could not be found.), D:/WordPress/resources/extraResources/lightning-services/php-7.3.5+10/bin/win64/ext\php_php_curl.dll.dll (The specified module could not be found.)) in Unknown on line 0
[22-Dec-2020 11:28:55 UTC] PHP Warning:  PHP Startup: Unable to load dynamic library 'php_gettext.dll' (tried: D:/WordPress/resources/extraResources/lightning-services/php-7.3.5+10/bin/win64/ext\php_gettext.dll (The specified module could not be found.), D:/WordPress/resources/extraResources/lightning-services/php-7.3.5+10/bin/win64/ext\php_php_gettext.dll.dll (The specified module could not be found.)) in Unknown on line 0
[22-Dec-2020 11:28:55 UTC] PHP Warning:  PHP Startup: Unable to load dynamic library 'php_gettext.dll' (tried: D:/WordPress/resources/extraResources/lightning-services/php-7.3.5+10/bin/win64/ext\php_gettext.dll (The specified module could not be found.), D:/WordPress/resources/extraResources/lightning-services/php-7.3.5+10/bin/win64/ext\php_php_gettext.dll.dll (The specified module could not be found.)) in Unknown on line 0
[22-Dec-2020 11:28:55 UTC] PHP Warning:  PHP Startup: Unable to load dynamic library 'php_openssl.dll' (tried: D:/WordPress/resources/extraResources/lightning-services/php-7.3.5+10/bin/win64/ext\php_openssl.dll (The specified module could not be found.), D:/WordPress/resources/extraResources/lightning-services/php-7.3.5+10/bin/win64/ext\php_php_openssl.dll.dll (The specified module could not be found.)) in Unknown on line 0
[22-Dec-2020 11:28:55 UTC] PHP Warning:  PHP Startup: Unable to load dynamic library 'php_openssl.dll' (tried: D:/WordPress/resources/extraResources/lightning-services/php-7.3.5+10/bin/win64/ext\php_openssl.dll (The specified module could not be found.), D:/WordPress/resources/extraResources/lightning-services/php-7.3.5+10/bin/win64/ext\php_php_openssl.dll.dll (The specified module could not be found.)) in Unknown on line 0
[22-Dec-2020 11:28:55 UTC] PHP Warning:  PHP Startup: Unable to load dynamic library 'php_exif.dll' (tried: D:/WordPress/resources/extraResources/lightning-services/php-7.3.5+10/bin/win64/ext\php_exif.dll (The specified module could not be found.), D:/WordPress/resources/extraResources/lightning-services/php-7.3.5+10/bin/win64/ext\php_php_exif.dll.dll (The specified module could not be found.)) in Unknown on line 0
[22-Dec-2020 11:28:56 UTC] PHP Warning:  PHP Startup: Unable to load dynamic library 'php_exif.dll' (tried: D:/WordPress/resources/extraResources/lightning-services/php-7.3.5+10/bin/win64/ext\php_exif.dll (The specified module could not be found.), D:/WordPress/resources/extraResources/lightning-services/php-7.3.5+10/bin/win64/ext\php_php_exif.dll.dll (The specified module could not be found.)) in Unknown on line 0
[22-Dec-2020 11:28:56 UTC] PHP Warning:  PHP Startup: Unable to load dynamic library 'php_gd2.dll' (tried: D:/WordPress/resources/extraResources/lightning-services/php-7.3.5+10/bin/win64/ext\php_gd2.dll (The specified module could not be found.), D:/WordPress/resources/extraResources/lightning-services/php-7.3.5+10/bin/win64/ext\php_php_gd2.dll.dll (The specified module could not be found.)) in Unknown on line 0
[22-Dec-2020 11:28:56 UTC] PHP Warning:  PHP Startup: Unable to load dynamic library 'php_gd2.dll' (tried: D:/WordPress/resources/extraResources/lightning-services/php-7.3.5+10/bin/win64/ext\php_gd2.dll (The specified module could not be found.), D:/WordPress/resources/extraResources/lightning-services/php-7.3.5+10/bin/win64/ext\php_php_gd2.dll.dll (The specified module could not be found.)) in Unknown on line 0
[22-Dec-2020 11:28:56 UTC] PHP Warning:  PHP Startup: Unable to load dynamic library 'php_ftp.dll' (tried: D:/WordPress/resources/extraResources/lightning-services/php-7.3.5+10/bin/win64/ext\php_ftp.dll (The specified module could not be found.), D:/WordPress/resources/extraResources/lightning-services/php-7.3.5+10/bin/win64/ext\php_php_ftp.dll.dll (The specified module could not be found.)) in Unknown on line 0
[22-Dec-2020 11:28:56 UTC] PHP Warning:  PHP Startup: Unable to load dynamic library 'php_ftp.dll' (tried: D:/WordPress/resources/extraResources/lightning-services/php-7.3.5+10/bin/win64/ext\php_ftp.dll (The specified module could not be found.), D:/WordPress/resources/extraResources/lightning-services/php-7.3.5+10/bin/win64/ext\php_php_ftp.dll.dll (The specified module could not be found.)) in Unknown on line 0
[22-Dec-2020 11:28:56 UTC] PHP Warning:  PHP Startup: Unable to load dynamic library 'php_imap.dll' (tried: D:/WordPress/resources/extraResources/lightning-services/php-7.3.5+10/bin/win64/ext\php_imap.dll (The specified module could not be found.), D:/WordPress/resources/extraResources/lightning-services/php-7.3.5+10/bin/win64/ext\php_php_imap.dll.dll (The specified module could not be found.)) in Unknown on line 0
[22-Dec-2020 11:28:56 UTC] PHP Warning:  PHP Startup: Unable to load dynamic library 'php_imap.dll' (tried: D:/WordPress/resources/extraResources/lightning-services/php-7.3.5+10/bin/win64/ext\php_imap.dll (The specified module could not be found.), D:/WordPress/resources/extraResources/lightning-services/php-7.3.5+10/bin/win64/ext\php_php_imap.dll.dll (The specified module could not be found.)) in Unknown on line 0
[22-Dec-2020 11:28:56 UTC] PHP Warning:  PHP Startup: Unable to load dynamic library 'php_bz2.dll' (tried: D:/WordPress/resources/extraResources/lightning-services/php-7.3.5+10/bin/win64/ext\php_bz2.dll (The specified module could not be found.), D:/WordPress/resources/extraResources/lightning-services/php-7.3.5+10/bin/win64/ext\php_php_bz2.dll.dll (The specified module could not be found.)) in Unknown on line 0
[22-Dec-2020 11:28:56 UTC] PHP Warning:  PHP Startup: Unable to load dynamic library 'php_bz2.dll' (tried: D:/WordPress/resources/extraResources/lightning-services/php-7.3.5+10/bin/win64/ext\php_bz2.dll (The specified module could not be found.), D:/WordPress/resources/extraResources/lightning-services/php-7.3.5+10/bin/win64/ext\php_php_bz2.dll.dll (The specified module could not be found.)) in Unknown on line 0
[22-Dec-2020 11:28:56 UTC] PHP Warning:  PHP Startup: Unable to load dynamic library 'php_mbstring.dll' (tried: D:/WordPress/resources/extraResources/lightning-services/php-7.3.5+10/bin/win64/ext\php_mbstring.dll (The specified module could not be found.), D:/WordPress/resources/extraResources/lightning-services/php-7.3.5+10/bin/win64/ext\php_php_mbstring.dll.dll (The specified module could not be found.)) in Unknown on line 0
[22-Dec-2020 11:28:56 UTC] PHP Warning:  PHP Startup: Unable to load dynamic library 'php_mbstring.dll' (tried: D:/WordPress/resources/extraResources/lightning-services/php-7.3.5+10/bin/win64/ext\php_mbstring.dll (The specified module could not be found.), D:/WordPress/resources/extraResources/lightning-services/php-7.3.5+10/bin/win64/ext\php_php_mbstring.dll.dll (The specified module could not be found.)) in Unknown on line 0
[22-Dec-2020 11:28:56 UTC] PHP Warning:  PHP Startup: Unable to load dynamic library 'php_sodium.dll' (tried: D:/WordPress/resources/extraResources/lightning-services/php-7.3.5+10/bin/win64/ext\php_sodium.dll (The specified module could not be found.), D:/WordPress/resources/extraResources/lightning-services/php-7.3.5+10/bin/win64/ext\php_php_sodium.dll.dll (The specified module could not be found.)) in Unknown on line 0
[22-Dec-2020 11:28:56 UTC] PHP Warning:  PHP Startup: Unable to load dynamic library 'php_sodium.dll' (tried: D:/WordPress/resources/extraResources/lightning-services/php-7.3.5+10/bin/win64/ext\php_sodium.dll (The specified module could not be found.), D:/WordPress/resources/extraResources/lightning-services/php-7.3.5+10/bin/win64/ext\php_php_sodium.dll.dll (The specified module could not be found.)) in Unknown on line 0
[22-Dec-2020 11:28:56 UTC] PHP Warning:  PHP Startup: Unable to load dynamic library 'php_tidy.dll' (tried: D:/WordPress/resources/extraResources/lightning-services/php-7.3.5+10/bin/win64/ext\php_tidy.dll (The specified module could not be found.), D:/WordPress/resources/extraResources/lightning-services/php-7.3.5+10/bin/win64/ext\php_php_tidy.dll.dll (The specified module could not be found.)) in Unknown on line 0
[22-Dec-2020 11:28:56 UTC] PHP Warning:  PHP Startup: Unable to load dynamic library 'php_tidy.dll' (tried: D:/WordPress/resources/extraResources/lightning-services/php-7.3.5+10/bin/win64/ext\php_tidy.dll (The specified module could not be found.), D:/WordPress/resources/extraResources/lightning-services/php-7.3.5+10/bin/win64/ext\php_php_tidy.dll.dll (The specified module could not be found.)) in Unknown on line 0
[22-Dec-2020 11:28:56 UTC] PHP Warning:  PHP Startup: Unable to load dynamic library 'php_xsl.dll' (tried: D:/WordPress/resources/extraResources/lightning-services/php-7.3.5+10/bin/win64/ext\php_xsl.dll (The specified module could not be found.), D:/WordPress/resources/extraResources/lightning-services/php-7.3.5+10/bin/win64/ext\php_php_xsl.dll.dll (The specified module could not be found.)) in Unknown on line 0
[22-Dec-2020 11:28:56 UTC] PHP Warning:  PHP Startup: Unable to load dynamic library 'php_xsl.dll' (tried: D:/WordPress/resources/extraResources/lightning-services/php-7.3.5+10/bin/win64/ext\php_xsl.dll (The specified module could not be found.), D:/WordPress/resources/extraResources/lightning-services/php-7.3.5+10/bin/win64/ext\php_php_xsl.dll.dll (The specified module could not be found.)) in Unknown on line 0
[22-Dec-2020 11:28:56 UTC] PHP Warning:  PHP Startup: Unable to load dynamic library 'php_xmlrpc.dll' (tried: D:/WordPress/resources/extraResources/lightning-services/php-7.3.5+10/bin/win64/ext\php_xmlrpc.dll (The specified module could not be found.), D:/WordPress/resources/extraResources/lightning-services/php-7.3.5+10/bin/win64/ext\php_php_xmlrpc.dll.dll (The specified module could not be found.)) in Unknown on line 0
[22-Dec-2020 11:28:56 UTC] PHP Warning:  PHP Startup: Unable to load dynamic library 'php_xmlrpc.dll' (tried: D:/WordPress/resources/extraResources/lightning-services/php-7.3.5+10/bin/win64/ext\php_xmlrpc.dll (The specified module could not be found.), D:/WordPress/resources/extraResources/lightning-services/php-7.3.5+10/bin/win64/ext\php_php_xmlrpc.dll.dll (The specified module could not be found.)) in Unknown on line 0
[22-Dec-2020 11:28:56 UTC] PHP Warning:  PHP Startup: Unable to load dynamic library 'php_soap.dll' (tried: D:/WordPress/resources/extraResources/lightning-services/php-7.3.5+10/bin/win64/ext\php_soap.dll (The specified module could not be found.), D:/WordPress/resources/extraResources/lightning-services/php-7.3.5+10/bin/win64/ext\php_php_soap.dll.dll (The specified module could not be found.)) in Unknown on line 0
[22-Dec-2020 11:28:56 UTC] PHP Warning:  PHP Startup: Unable to load dynamic library 'php_soap.dll' (tried: D:/WordPress/resources/extraResources/lightning-services/php-7.3.5+10/bin/win64/ext\php_soap.dll (The specified module could not be found.), D:/WordPress/resources/extraResources/lightning-services/php-7.3.5+10/bin/win64/ext\php_php_soap.dll.dll (The specified module could not be found.)) in Unknown on line 0
[22-Dec-2020 11:28:56 UTC] PHP Warning:  PHP Startup: Unable to load dynamic library 'php_mysqli.dll' (tried: D:/WordPress/resources/extraResources/lightning-services/php-7.3.5+10/bin/win64/ext\php_mysqli.dll (The specified module could not be found.), D:/WordPress/resources/extraResources/lightning-services/php-7.3.5+10/bin/win64/ext\php_php_mysqli.dll.dll (The specified module could not be found.)) in Unknown on line 0
[22-Dec-2020 11:28:56 UTC] PHP Warning:  PHP Startup: Unable to load dynamic library 'php_mysqli.dll' (tried: D:/WordPress/resources/extraResources/lightning-services/php-7.3.5+10/bin/win64/ext\php_mysqli.dll (The specified module could not be found.), D:/WordPress/resources/extraResources/lightning-services/php-7.3.5+10/bin/win64/ext\php_php_mysqli.dll.dll (The specified module could not be found.)) in Unknown on line 0
[22-Dec-2020 11:28:56 UTC] PHP Warning:  PHP Startup: Unable to load dynamic library 'php_pdo_mysql.dll' (tried: D:/WordPress/resources/extraResources/lightning-services/php-7.3.5+10/bin/win64/ext\php_pdo_mysql.dll (The specified module could not be found.), D:/WordPress/resources/extraResources/lightning-services/php-7.3.5+10/bin/win64/ext\php_php_pdo_mysql.dll.dll (The specified module could not be found.)) in Unknown on line 0
[22-Dec-2020 11:28:56 UTC] PHP Warning:  PHP Startup: Unable to load dynamic library 'php_pdo_mysql.dll' (tried: D:/WordPress/resources/extraResources/lightning-services/php-7.3.5+10/bin/win64/ext\php_pdo_mysql.dll (The specified module could not be found.), D:/WordPress/resources/extraResources/lightning-services/php-7.3.5+10/bin/win64/ext\php_php_pdo_mysql.dll.dll (The specified module could not be found.)) in Unknown on line 0
[22-Dec-2020 11:28:56 UTC] PHP Warning:  Unknown: failed to open stream: No such file or directory in Unknown on line 0
[22-Dec-2020 11:28:56 UTC] PHP Warning:  Unknown: failed to open stream: No such file or directory in Unknown on line 0
[22-Dec-2020 11:28:56 UTC] PHP Fatal error:  Unknown: Failed opening required 'D:/WordPress/resources/extraResources/local-bootstrap.php' (include_path='.:/usr/share/php:/www/wp-content/pear') in Unknown on line 0
[22-Dec-2020 11:28:56 UTC] PHP Fatal error:  Unknown: Failed opening required 'D:/WordPress/resources/extraResources/local-bootstrap.php' (include_path='.:/usr/share/php:/www/wp-content/pear') in Unknown on line 0
